2018-09-03 13:48:12,492 - InitFactory.py[line:132] - INFO: Channel : Hu:[[(0.537667139546+0.318765239859j),(-2.258846861-0.433592022306j)],[(1.8338850146-1.30768829631j),(0.862173320368+0.342624466539j)]]
Hd:[[(18.8916975999+11.2002688538j),(-79.3677885144-15.2348707307j)],[(36.2453350811-25.8454592867j),(17.0401964387+6.77171060226j)]]
Hsi:[[(3.57839693973+0.725404224946j),(-1.34988694016+0.714742903826j)],[(2.76943702988-0.0630548731897j),(3.03492346633-0.2049660583j)]]
2018-09-03 13:48:16,615 - InitFactory.py[line:138] - INFO: flag: True, result: Time:[0.04144433459263508, 0.22048241486615205, 0.7380732505412129]
Throughput:[1.3909023670167557, 6.73692419922459]
SendBeam:[[(0.11103843862+0j),(-0.216834912891+0.227357701713j)],[(-0.216834912891-0.227357701713j),(0.888961561478+0j)]]
RecvBeam:[[(0.855376627207+0j),(0.718674271675-0.680140698819j)],[(0.718674271675+0.680140698819j),(1.14462337153+0j)]]
UserOrder:[0, 1]
2018-09-03 13:48:22,753 - InitFactory.py[line:143] - INFO: flag: True, result: Time:[0.06464389751683774, 0.46498235600380566, 0.4703737464793566]
Throughput:[3.80853684761035, 3.8085368476103496]
SendBeam:[[(0.111026232027+0j),(-0.216847932801+0.227324370309j)],[(-0.216847932801-0.227324370309j),(0.888973653423+0j)]]
RecvBeam:[[(0.855405119513+0j),(0.718715697377-0.680102982077j)],[(0.718715697377+0.680102982077j),(1.14459487973+0j)]]
UserOrder:[0, 1]
2018-09-03 13:48:22,940 - InitFactory.py[line:132] - INFO: Channel : Hu:[[(-0.124144348216+0.671497133608j),(1.4090344898+0.717238651329j)],[(1.48969760779-1.20748692269j),(1.41719241343+1.63023528916j)]]
Hd:[[(-4.36198776667+23.594004272j),(49.5084254389+25.201197379j)],[(29.4427341594-23.8650557535j),(28.0097244322+32.2203539734j)]]
Hsi:[[(0.488893770312+0.293871467097j),(0.726885133383+0.888395631758j)],[(1.03469300992-0.787282803759j),(-0.303440924786-1.14707010697j)]]
2018-09-03 13:48:26,630 - InitFactory.py[line:138] - INFO: flag: True, result: Time:[0.050535483799783176, 0.31550580736448414, 0.6339587088357327]
Throughput:[2.2836446641428774, 5.686829407945104]
SendBeam:[[(0.0326803795557+0j),(0.14015400475+0.109403964723j)],[(0.14015400475-0.109403964723j),(0.967319620541+0j)]]
RecvBeam:[[(0.914967122578+0j),(0.820618671185-0.565113879811j)],[(0.820618671185+0.565113879811j),(1.08503210148+0j)]]
UserOrder:[0, 1]
2018-09-03 13:48:32,407 - InitFactory.py[line:143] - INFO: flag: True, result: Time:[0.07689183179341885, 0.509930601245624, 0.4131775669609572]
Throughput:[3.889788805123403, 3.8897888051234033]
SendBeam:[[(0.032685327924+0j),(0.140167410775+0.109407925755j)],[(0.140167410775-0.109407925755j),(0.967314672045+0j)]]
RecvBeam:[[(0.914973165433+0j),(0.820594296839-0.565150483547j)],[(0.820594296839+0.565150483547j),(1.08502643173+0j)]]
UserOrder:[0, 1]
2018-09-03 13:48:32,621 - InitFactory.py[line:132] - INFO: Channel : Hu:[[(-1.06887045817+0.325190539456j),(-2.94428416199+1.3702985401j)],[(-0.809498694425-0.75492831917j),(1.43838029282-1.71151641885j)]]
Hd:[[(-37.5562796831+11.4260308691j),(-103.451600341+48.1473829012j)],[(-15.9991227332-14.9205809921j),(28.4284866675-33.8268133522j)]]
Hsi:[[(-0.102242446085-0.864879917324j),(0.319206739166-0.164879019209j)],[(-0.241447041607-0.0300512961963j),(0.312858596637+0.627707287529j)]]
2018-09-03 13:48:36,604 - InitFactory.py[line:138] - INFO: flag: True, result: Time:[0.030756330568058377, 0.21170314459731165, 0.75754052483463]
Throughput:[1.6682746296432303, 8.336706612066944]
SendBeam:[[(0.0893280345487+0j),(0.284404656079+0.0215064859117j)],[(0.284404656079-0.0215064859117j),(0.91067196571+0j)]]
RecvBeam:[[(1.20333413922+0j),(0.542276427192+0.815224815734j)],[(0.542276427192-0.815224815734j),(0.796665857331+0j)]]
UserOrder:[0, 1]
2018-09-03 13:48:43,881 - InitFactory.py[line:143] - INFO: flag: True, result: Time:[0.052775267991801045, 0.4724836220343666, 0.4747411099738323]
Throughput:[4.702286647068066, 4.702286647068066]
SendBeam:[[(0.0893410665948+0j),(0.284423303915+0.0215086543188j)],[(0.284423303915-0.0215086543188j),(0.910658905901+0j)]]
RecvBeam:[[(1.2033307368+0j),(0.542266054752+0.815232552139j)],[(0.542266054752-0.815232552139j),(0.796669243864+0j)]]
UserOrder:[0, 1]
2018-09-03 13:48:44,088 - InitFactory.py[line:132] - INFO: Channel : Hu:[[(1.09326566904-1.21411704362j),(-0.863652821989-0.00684932810335j)],[(1.10927329761-1.11350074149j),(0.0773590911304+1.53263030828j)]]
Hd:[[(38.4134400204-42.6597244873j),(-30.3456669457-0.240660858315j)],[(21.9239385504-22.0074907462j),(1.52894328558+30.2912661574j)]]
Hsi:[[(-0.769665913754-1.08906429505j),(-0.225584402271+0.552527021112j)],[(0.37137881276+0.032557464165j),(1.11735613881+1.10061021788j)]]
2018-09-03 13:48:47,374 - InitFactory.py[line:138] - INFO: flag: True, result: Time:[0.04993269454826049, 0.3042984930069787, 0.6457688124447608]
Throughput:[2.1569426725828333, 5.7549080747760595]
SendBeam:[[(0.76972030344+0j),(-0.398742930247-0.135111190306j)],[(-0.398742930247+0.135111190306j),(0.230279696652+0j)]]
RecvBeam:[[(0.195085007134+0j),(-0.551571363211-0.218817013555j)],[(-0.551571363211+0.218817013555j),(1.80491499223+0j)]]
UserOrder:[0, 1]
2018-09-03 13:48:54,301 - InitFactory.py[line:143] - INFO: flag: True, result: Time:[0.07634457364224922, 0.5058150760268998, 0.417840350330851]
Throughput:[3.8551684075815813, 3.855168407581581]
SendBeam:[[(0.769700008118+0j),(-0.398744209704-0.135147780186j)],[(-0.398744209704+0.135147780186j),(0.230299941825+0j)]]
RecvBeam:[[(0.195096395717+0j),(-0.551569050316-0.218864291534j)],[(-0.551569050316+0.218864291534j),(1.80490261374+0j)]]
UserOrder:[0, 1]
2018-09-03 13:48:54,496 - InitFactory.py[line:132] - INFO: Channel : Hu:[[(1.5442118955-1.06158173332j),(-1.49159031064-0.615601881467j)],[(0.0859311331754+2.350457224j),(-0.74230183726+0.748076783704j)]]
Hd:[[(54.2580753302-37.3001799969j),(-52.409141305-21.6300453036j)],[(1.69836314221+46.4549898165j),(-14.6710282317+14.7851656325j)]]
Hsi:[[(-0.192418510588-1.42237592509j),(-0.764849236568-0.177375156619j)],[(0.888610425421+0.48819390986j),(-1.40226896934-0.196053487807j)]]
2018-09-03 13:48:58,500 - InitFactory.py[line:138] - INFO: flag: True, result: Time:[0.0503369836007575, 0.30616321910784366, 0.6434997972913988]
Throughput:[2.1664984875463804, 5.715429114140573]
SendBeam:[[(0.72761974539+0j),(-0.219786515046-0.387147439048j)],[(-0.219786515046+0.387147439048j),(0.272380254701+0j)]]
RecvBeam:[[(0.784350256572+0j),(-0.207503405191+0.954168299086j)],[(-0.207503405191-0.954168299086j),(1.21564925634+0j)]]
UserOrder:[0, 1]
2018-09-03 13:49:05,345 - InitFactory.py[line:143] - INFO: flag: True, result: Time:[0.07681860005661989, 0.5063143777926383, 0.4168670221507418]
Throughput:[3.841507689401811, 3.8415076894018116]
SendBeam:[[(0.727558056651+0j),(-0.219796185315-0.387178211776j)],[(-0.219796185315+0.387178211776j),(0.272441943212+0j)]]
RecvBeam:[[(0.784363296732+0j),(-0.207561977151+0.954158146563j)],[(-0.207561977151-0.954158146563j),(1.21563533977+0j)]]
UserOrder:[0, 1]
2018-09-03 13:49:05,578 - InitFactory.py[line:132] - INFO: Channel : Hu:[[(1.41931015064-0.80446595635j),(0.197811053464+0.835088165073j)],[(0.291584373984+0.69662441585j),(1.58769908997-0.243715140378j)]]
Hd:[[(49.8694753581-28.2660524681j),(6.95037194783+29.3420072076j)],[(5.7629421994+13.7682489236j),(31.3796585206-4.81684339914j)]]
Hsi:[[(0.215670086404+0.722254032225j),(-1.1479527789-0.666890670701j)],[(-1.16584393148+2.58549125262j),(0.104874716016+0.187331024579j)]]
2018-09-03 13:49:08,450 - InitFactory.py[line:138] - INFO: flag: True, result: Time:[0.06648520221605224, 0.06757129594061508, 0.8659435018433327]
Throughput:[0.1091287478033698, 7.162683970091879]
SendBeam:[[(0.767728938705+0j),(-0.123892718406+0.403697671169j)],[(-0.123892718406-0.403697671169j),(0.232271061295+0j)]]
RecvBeam:[[(1.56610535294+0j),(-0.744310245084+0.354297353464j)],[(-0.744310245084-0.354297353464j),(0.433894408075+0j)]]
UserOrder:[0, 1]
