2018-09-03 13:46:14,700 - InitFactory.py[line:132] - INFO: Channel : Hu:[[(0.537667139546+0.318765239859j),(-2.258846861-0.433592022306j)],[(1.8338850146-1.30768829631j),(0.862173320368+0.342624466539j)]]
Hd:[[(18.8916975999+11.2002688538j),(-79.3677885144-15.2348707307j)],[(36.2453350811-25.8454592867j),(17.0401964387+6.77171060226j)]]
Hsi:[[(3.57839693973+0.725404224946j),(-1.34988694016+0.714742903826j)],[(2.76943702988-0.0630548731897j),(3.03492346633-0.2049660583j)]]
2018-09-03 13:46:20,821 - InitFactory.py[line:138] - INFO: flag: True, result: Time:[0.041443982530085244, 0.22047969802109274, 0.738076319448822]
Throughput:[1.390895794856616, 6.736970266487353]
SendBeam:[[(0.111062050006+0j),(-0.216852280664+0.227381481048j)],[(-0.216852280664-0.227381481048j),(0.888937754084+0j)]]
RecvBeam:[[(0.855343922556+0j),(0.718661840749-0.680146879344j)],[(0.718661840749+0.680146879344j),(1.14465607694+0j)]]
UserOrder:[0, 1]
2018-09-03 13:46:27,332 - InitFactory.py[line:143] - INFO: flag: True, result: Time:[0.06464389751683774, 0.46498235600380566, 0.4703737464793566]
Throughput:[3.80853684761035, 3.8085368476103496]
SendBeam:[[(0.111026232027+0j),(-0.216847932801+0.227324370309j)],[(-0.216847932801-0.227324370309j),(0.888973653423+0j)]]
RecvBeam:[[(0.855405119513+0j),(0.718715697377-0.680102982077j)],[(0.718715697377+0.680102982077j),(1.14459487973+0j)]]
UserOrder:[0, 1]
2018-09-03 13:46:27,522 - InitFactory.py[line:132] - INFO: Channel : Hu:[[(-0.124144348216+0.671497133608j),(1.4090344898+0.717238651329j)],[(1.48969760779-1.20748692269j),(1.41719241343+1.63023528916j)]]
Hd:[[(-4.36198776667+23.594004272j),(49.5084254389+25.201197379j)],[(29.4427341594-23.8650557535j),(28.0097244322+32.2203539734j)]]
Hsi:[[(0.488893770312+0.293871467097j),(0.726885133383+0.888395631758j)],[(1.03469300992-0.787282803759j),(-0.303440924786-1.14707010697j)]]
2018-09-03 13:46:33,641 - InitFactory.py[line:138] - INFO: flag: True, result: Time:[0.05053560683596736, 0.31550768966747245, 0.6339567034965602]
Throughput:[2.28366087944675, 5.686824955565891]
SendBeam:[[(0.0326627765806+0j),(0.140112151214+0.109382378328j)],[(0.140112151214-0.109382378328j),(0.967337223414+0j)]]
RecvBeam:[[(0.914976615001+0j),(0.820634233572-0.565092654722j)],[(0.820634233572+0.565092654722j),(1.08502254207+0j)]]
UserOrder:[0, 1]
2018-09-03 13:46:39,802 - InitFactory.py[line:143] - INFO: flag: True, result: Time:[0.07689183179341885, 0.509930601245624, 0.4131775669609572]
Throughput:[3.889788805123403, 3.8897888051234033]
SendBeam:[[(0.032685327924+0j),(0.140167410775+0.109407925755j)],[(0.140167410775-0.109407925755j),(0.967314672045+0j)]]
RecvBeam:[[(0.914973165433+0j),(0.820594296839-0.565150483547j)],[(0.820594296839+0.565150483547j),(1.08502643173+0j)]]
UserOrder:[0, 1]
2018-09-03 13:46:39,974 - InitFactory.py[line:132] - INFO: Channel : Hu:[[(-1.06887045817+0.325190539456j),(-2.94428416199+1.3702985401j)],[(-0.809498694425-0.75492831917j),(1.43838029282-1.71151641885j)]]
Hd:[[(-37.5562796831+11.4260308691j),(-103.451600341+48.1473829012j)],[(-15.9991227332-14.9205809921j),(28.4284866675-33.8268133522j)]]
Hsi:[[(-0.102242446085-0.864879917324j),(0.319206739166-0.164879019209j)],[(-0.241447041607-0.0300512961963j),(0.312858596637+0.627707287529j)]]
2018-09-03 13:46:46,953 - InitFactory.py[line:138] - INFO: flag: True, result: Time:[0.0307563174732709, 0.21170377316237898, 0.7575399093643501]
Throughput:[1.6682864643241178, 8.336710707646413]
SendBeam:[[(0.0893424726013+0j),(0.284423354002+0.0215348759732j)],[(0.284423354002-0.0215348759732j),(0.910657527336+0j)]]
RecvBeam:[[(1.20330510537+0j),(0.542266600482+0.815237766111j)],[(0.542266600482-0.815237766111j),(0.796693770182+0j)]]
UserOrder:[0, 1]
2018-09-03 13:46:54,270 - InitFactory.py[line:143] - INFO: flag: True, result: Time:[0.052775267991801045, 0.4724836220343666, 0.4747411099738323]
Throughput:[4.702286647068066, 4.702286647068066]
SendBeam:[[(0.0893410665948+0j),(0.284423303915+0.0215086543188j)],[(0.284423303915-0.0215086543188j),(0.910658905901+0j)]]
RecvBeam:[[(1.2033307368+0j),(0.542266054752+0.815232552139j)],[(0.542266054752-0.815232552139j),(0.796669243864+0j)]]
UserOrder:[0, 1]
2018-09-03 13:46:54,588 - InitFactory.py[line:132] - INFO: Channel : Hu:[[(1.09326566904-1.21411704362j),(-0.863652821989-0.00684932810335j)],[(1.10927329761-1.11350074149j),(0.0773590911304+1.53263030828j)]]
Hd:[[(38.4134400204-42.6597244873j),(-30.3456669457-0.240660858315j)],[(21.9239385504-22.0074907462j),(1.52894328558+30.2912661574j)]]
Hsi:[[(-0.769665913754-1.08906429505j),(-0.225584402271+0.552527021112j)],[(0.37137881276+0.032557464165j),(1.11735613881+1.10061021788j)]]
2018-09-03 13:47:00,467 - InitFactory.py[line:138] - INFO: flag: True, result: Time:[0.049932765697891346, 0.30430259805867815, 0.6457646362434305]
Throughput:[2.1570060875700876, 5.7548896913012175]
SendBeam:[[(0.769691149457+0j),(-0.398776798009-0.135069149172j)],[(-0.398776798009+0.135069149172j),(0.230308753731+0j)]]
RecvBeam:[[(0.195118100662+0j),(-0.551628668027-0.218794288168j)],[(-0.551628668027+0.218794288168j),(1.80488189835+0j)]]
UserOrder:[0, 1]
